Arguments: 
  /usr/bin/node /usr/bin/yarn workspace responsive-react-image-carousel start

PATH: 
  /nfs/home1/jkathuri/miniconda2/bin:/nfs/home1/jkathuri/miniconda2/condabin:/nfs/home1/jkathuri/Downloads/firefox:/home/logeekal/miniconda3/bin:/nfs/home1/jkathuri/bin:/nfs/home1/jkathuri/.local/bin:/opt/anss/bin:/opt/anss/sbin:/home/logeekal/miniconda3/bin:/nfs/home1/jkathuri/bin:/nfs/home1/jkathuri/.local/bin:/nfs/home1/jkathuri/Downloads/firefox:/usr/local/sbin:/usr/local/bin:/usr/sbin:/usr/bin:/sbin:/bin:/usr/games:/usr/local/games:/snap/bin:/mnt/c/Program\ Files/Docker/Docker/resources/bin:/mnt/c/ProgramData/Miniconda3/Scripts:/mnt/c/Program\ Files/Docker/Docker/resources/bin:/mnt/c/ProgramData/Miniconda3/Scripts

Yarn version: 
  1.22.4

Node version: 
  12.16.3

Platform: 
  linux x64

Trace: 
  SyntaxError: /nfs/home1/jkathuri/experiments/married-friends/packages/react-image-carousel/package.json: Unexpected token } in JSON at position 446
      at JSON.parse (<anonymous>)
      at /usr/lib/node_modules/yarn/lib/cli.js:1625:59
      at Generator.next (<anonymous>)
      at step (/usr/lib/node_modules/yarn/lib/cli.js:310:30)
      at /usr/lib/node_modules/yarn/lib/cli.js:321:13

npm manifest: 
  {
    "name": "responsive-react-image-carousel",
    "version": "0.3.0",
    "description": "This is an elegant and responsive image carousel for react with very minimal dependencies and small footprint",
    "main": "lib/index.js",
    "scripts": {
      "test": "echo \"Error: no test specified\" && exit 1",
      "start": "webpack-dev-server --mode development --open  --config webpack.demo.config.js",
      "build": "webpack --config webpack.config.js",
    },
    "keywords": [
      "react image carousel",
      "image carousel for react",
      "carousel",
      "react",
      "image",
      "responsive",
      "slideshow",
      "gallery",
      "image gallery"
    ],
    "author": {
      "name": "Jatin Kathuria",
      "email": "jtn.kathuria@gmail.com"
    },
    "license": "ISC",
    "dependencies": {
      "mini-debounce": "1.0.7",
      "node-sass": "^4.13.1",
      "prop-types": "15.7.2",
      "react": "^16.13.1",
      "react-dom": "^16.13.1"
    },
    "devDependencies": {
      "@babel/core": "^7.9.6",
      "@babel/preset-env": "^7.9.6",
      "@babel/preset-react": "^7.9.4",
      "babel-loader": "^8.1.0",
      "css-loader": "^3.4.2",
      "html-webpack-plugin": "^4.3.0",
      "react": "^16.13.1",
      "react-dom": "^16.13.1",
      "sass-loader": "^8.0.2",
      "style-loader": "^1.1.3",
      "webpack": "^4.43.0",
      "webpack-cli": "^3.3.11",
      "webpack-dev-server": "^3.11.0"
    }
  }

yarn manifest: 
  No manifest

Lockfile: 
  No lockfile
